<?xml version="1.0" encoding="UTF-8"?>
<testng-results ignored="0" total="2" passed="0" failed="0" skipped="2">
  <reporter-output>
  </reporter-output>
  <suite started-at="2022-09-14T20:27:13 IST" name="Default suite" finished-at="2022-09-14T20:27:13 IST" duration-ms="63">
    <groups>
    </groups>
    <test started-at="2022-09-14T20:27:13 IST" name="Default test" finished-at="2022-09-14T20:27:13 IST" duration-ms="63">
      <class name="tempTestPack.VarifyTestClass2">
        <test-method is-config="true" signature="launchBrowser(java.lang.String)[pri:0, instance:tempTestPack.VarifyTestClass2@5e82df6a]" started-at="2022-09-14T20:27:13 IST" name="launchBrowser" finished-at="1970-01-01T05:30:00 IST" duration-ms="-1663167433911" status="FAIL">
          <exception class="org.testng.TestNGException">
            <message>
              <![CDATA[
Parameter 'browser' is required by BeforeTest on method launchBrowser but has not been marked @Optional or defined
in C:\Users\akash\AppData\Local\Temp\testng-eclipse--1804725146\testng-customsuite.xml]]>
            </message>
            <full-stacktrace>
              <![CDATA[org.testng.TestNGException: 
Parameter 'browser' is required by BeforeTest on method launchBrowser but has not been marked @Optional or defined
in C:\Users\akash\AppData\Local\Temp\testng-eclipse--1804725146\testng-customsuite.xml
at org.testng.internal.Parameters.createParams(Parameters.java:270)
at org.testng.internal.Parameters.createParametersForMethod(Parameters.java:358)
at org.testng.internal.Parameters.createParameters(Parameters.java:700)
at org.testng.internal.Parameters.createConfigurationParameters(Parameters.java:168)
at org.testng.internal.ConfigInvoker.invokeConfigurations(ConfigInvoker.java:302)
at org.testng.TestRunner.invokeTestConfigurations(TestRunner.java:637)
at org.testng.TestRunner.beforeRun(TestRunner.java:627)
at org.testng.TestRunner.run(TestRunner.java:589)
at org.testng.SuiteRunner.runTest(SuiteRunner.java:377)
at org.testng.SuiteRunner.runSequentially(SuiteRunner.java:371)
at org.testng.SuiteRunner.privateRun(SuiteRunner.java:332)
at org.testng.SuiteRunner.run(SuiteRunner.java:276)
at org.testng.SuiteRunnerWorker.runSuite(SuiteRunnerWorker.java:53)
at org.testng.SuiteRunnerWorker.run(SuiteRunnerWorker.java:96)
at org.testng.TestNG.runSuitesSequentially(TestNG.java:1212)
at org.testng.TestNG.runSuitesLocally(TestNG.java:1134)
at org.testng.TestNG.runSuites(TestNG.java:1063)
at org.testng.TestNG.run(TestNG.java:1031)
at org.testng.remote.AbstractRemoteTestNG.run(AbstractRemoteTestNG.java:115)
at org.testng.remote.RemoteTestNG.initAndRun(RemoteTestNG.java:251)
at org.testng.remote.RemoteTestNG.main(RemoteTestNG.java:77)
]]>
            </full-stacktrace>
          </exception> <!-- org.testng.TestNGException -->
          <reporter-output>
          </reporter-output>
        </test-method> <!-- launchBrowser -->
        <test-method is-config="true" signature="creatPOMObjects()[pri:0, instance:tempTestPack.VarifyTestClass2@5e82df6a]" started-at="2022-09-14T20:27:13 IST" name="creatPOMObjects" finished-at="1970-01-01T05:30:00 IST" duration-ms="-1663167433938" status="SKIP">
          <reporter-output>
          </reporter-output>
        </test-method> <!-- creatPOMObjects -->
        <test-method is-config="true" signature="openRoomsPage()[pri:0, instance:tempTestPack.VarifyTestClass2@5e82df6a]" started-at="2022-09-14T20:27:13 IST" name="openRoomsPage" finished-at="1970-01-01T05:30:00 IST" duration-ms="-1663167433949" status="SKIP">
          <reporter-output>
          </reporter-output>
        </test-method> <!-- openRoomsPage -->
        <test-method signature="verifyContactToHelpCenterButton()[pri:0, instance:tempTestPack.VarifyTestClass2@5e82df6a]" started-at="2022-09-14T20:27:13 IST" name="verifyContactToHelpCenterButton" finished-at="2022-09-14T20:27:13 IST" duration-ms="0" status="SKIP">
          <exception class="org.testng.TestNGException">
            <message>
              <![CDATA[
Parameter 'browser' is required by BeforeTest on method launchBrowser but has not been marked @Optional or defined
in C:\Users\akash\AppData\Local\Temp\testng-eclipse--1804725146\testng-customsuite.xml]]>
            </message>
            <full-stacktrace>
              <![CDATA[org.testng.TestNGException: 
Parameter 'browser' is required by BeforeTest on method launchBrowser but has not been marked @Optional or defined
in C:\Users\akash\AppData\Local\Temp\testng-eclipse--1804725146\testng-customsuite.xml
at org.testng.internal.Parameters.createParams(Parameters.java:270)
at org.testng.internal.Parameters.createParametersForMethod(Parameters.java:358)
at org.testng.internal.Parameters.createParameters(Parameters.java:700)
at org.testng.internal.Parameters.createConfigurationParameters(Parameters.java:168)
at org.testng.internal.ConfigInvoker.invokeConfigurations(ConfigInvoker.java:302)
at org.testng.TestRunner.invokeTestConfigurations(TestRunner.java:637)
at org.testng.TestRunner.beforeRun(TestRunner.java:627)
at org.testng.TestRunner.run(TestRunner.java:589)
at org.testng.SuiteRunner.runTest(SuiteRunner.java:377)
at org.testng.SuiteRunner.runSequentially(SuiteRunner.java:371)
at org.testng.SuiteRunner.privateRun(SuiteRunner.java:332)
at org.testng.SuiteRunner.run(SuiteRunner.java:276)
at org.testng.SuiteRunnerWorker.runSuite(SuiteRunnerWorker.java:53)
at org.testng.SuiteRunnerWorker.run(SuiteRunnerWorker.java:96)
at org.testng.TestNG.runSuitesSequentially(TestNG.java:1212)
at org.testng.TestNG.runSuitesLocally(TestNG.java:1134)
at org.testng.TestNG.runSuites(TestNG.java:1063)
at org.testng.TestNG.run(TestNG.java:1031)
at org.testng.remote.AbstractRemoteTestNG.run(AbstractRemoteTestNG.java:115)
at org.testng.remote.RemoteTestNG.initAndRun(RemoteTestNG.java:251)
at org.testng.remote.RemoteTestNG.main(RemoteTestNG.java:77)
]]>
            </full-stacktrace>
          </exception> <!-- org.testng.TestNGException -->
          <reporter-output>
          </reporter-output>
        </test-method> <!-- verifyContactToHelpCenterButton -->
        <test-method is-config="true" signature="logoutFromApplicatoion()[pri:0, instance:tempTestPack.VarifyTestClass2@5e82df6a]" started-at="2022-09-14T20:27:13 IST" name="logoutFromApplicatoion" finished-at="1970-01-01T05:30:00 IST" duration-ms="-1663167433956" status="SKIP">
          <reporter-output>
          </reporter-output>
        </test-method> <!-- logoutFromApplicatoion -->
        <test-method is-config="true" signature="openRoomsPage()[pri:0, instance:tempTestPack.VarifyTestClass2@5e82df6a]" started-at="2022-09-14T20:27:13 IST" name="openRoomsPage" finished-at="1970-01-01T05:30:00 IST" duration-ms="-1663167433959" status="SKIP">
          <reporter-output>
          </reporter-output>
        </test-method> <!-- openRoomsPage -->
        <test-method signature="verifyGoBackToMessengerButton()[pri:0, instance:tempTestPack.VarifyTestClass2@5e82df6a]" started-at="2022-09-14T20:27:13 IST" name="verifyGoBackToMessengerButton" finished-at="2022-09-14T20:27:13 IST" duration-ms="0" status="SKIP">
          <exception class="org.testng.TestNGException">
            <message>
              <![CDATA[
Parameter 'browser' is required by BeforeTest on method launchBrowser but has not been marked @Optional or defined
in C:\Users\akash\AppData\Local\Temp\testng-eclipse--1804725146\testng-customsuite.xml]]>
            </message>
            <full-stacktrace>
              <![CDATA[org.testng.TestNGException: 
Parameter 'browser' is required by BeforeTest on method launchBrowser but has not been marked @Optional or defined
in C:\Users\akash\AppData\Local\Temp\testng-eclipse--1804725146\testng-customsuite.xml
at org.testng.internal.Parameters.createParams(Parameters.java:270)
at org.testng.internal.Parameters.createParametersForMethod(Parameters.java:358)
at org.testng.internal.Parameters.createParameters(Parameters.java:700)
at org.testng.internal.Parameters.createConfigurationParameters(Parameters.java:168)
at org.testng.internal.ConfigInvoker.invokeConfigurations(ConfigInvoker.java:302)
at org.testng.TestRunner.invokeTestConfigurations(TestRunner.java:637)
at org.testng.TestRunner.beforeRun(TestRunner.java:627)
at org.testng.TestRunner.run(TestRunner.java:589)
at org.testng.SuiteRunner.runTest(SuiteRunner.java:377)
at org.testng.SuiteRunner.runSequentially(SuiteRunner.java:371)
at org.testng.SuiteRunner.privateRun(SuiteRunner.java:332)
at org.testng.SuiteRunner.run(SuiteRunner.java:276)
at org.testng.SuiteRunnerWorker.runSuite(SuiteRunnerWorker.java:53)
at org.testng.SuiteRunnerWorker.run(SuiteRunnerWorker.java:96)
at org.testng.TestNG.runSuitesSequentially(TestNG.java:1212)
at org.testng.TestNG.runSuitesLocally(TestNG.java:1134)
at org.testng.TestNG.runSuites(TestNG.java:1063)
at org.testng.TestNG.run(TestNG.java:1031)
at org.testng.remote.AbstractRemoteTestNG.run(AbstractRemoteTestNG.java:115)
at org.testng.remote.RemoteTestNG.initAndRun(RemoteTestNG.java:251)
at org.testng.remote.RemoteTestNG.main(RemoteTestNG.java:77)
]]>
            </full-stacktrace>
          </exception> <!-- org.testng.TestNGException -->
          <reporter-output>
          </reporter-output>
        </test-method> <!-- verifyGoBackToMessengerButton -->
        <test-method is-config="true" signature="logoutFromApplicatoion()[pri:0, instance:tempTestPack.VarifyTestClass2@5e82df6a]" started-at="2022-09-14T20:27:13 IST" name="logoutFromApplicatoion" finished-at="1970-01-01T05:30:00 IST" duration-ms="-1663167433963" status="SKIP">
          <reporter-output>
          </reporter-output>
        </test-method> <!-- logoutFromApplicatoion -->
        <test-method is-config="true" signature="cleanPOMObject()[pri:0, instance:tempTestPack.VarifyTestClass2@5e82df6a]" started-at="2022-09-14T20:27:13 IST" name="cleanPOMObject" finished-at="1970-01-01T05:30:00 IST" duration-ms="-1663167433965" status="SKIP">
          <reporter-output>
          </reporter-output>
        </test-method> <!-- cleanPOMObject -->
        <test-method is-config="true" signature="closedBrowser()[pri:0, instance:tempTestPack.VarifyTestClass2@5e82df6a]" started-at="2022-09-14T20:27:13 IST" name="closedBrowser" finished-at="1970-01-01T05:30:00 IST" duration-ms="-1663167433969" status="SKIP">
          <reporter-output>
          </reporter-output>
        </test-method> <!-- closedBrowser -->
      </class> <!-- tempTestPack.VarifyTestClass2 -->
    </test> <!-- Default test -->
  </suite> <!-- Default suite -->
</testng-results>
