<?xml version="1.0" encoding="UTF-8"?>
<!-- Generated by org.testng.reporters.JUnitXMLReporter -->
<testsuite ignored="0" hostname="DESKTOP-SEKDPB4" failures="4" tests="4" name="ChromeBrowser" time="33.566" errors="0" timestamp="2022-09-13T20:26:38 IST">
  <testcase classname="tempTestPack.VerifyRoomsPage" name="verifyContactToHelpCenterButton" time="1.13">
    <failure type="java.lang.AssertionError" message="The following asserts failed:
	expected [https://www.messenger.cop] but found [https://www.messenger.com/help],
	expected [Messenger Help ntre] but found [Messenger Help Centre]">
      <![CDATA[java.lang.AssertionError: The following asserts failed:
expected [https://www.messenger.cop] but found [https://www.messenger.com/help],
expected [Messenger Help ntre] but found [Messenger Help Centre]
at tempTestPack.VerifyRoomsPage.verifyContactToHelpCenterButton(VerifyRoomsPage.java:105)
at java.base/java.util.ArrayList.forEach(ArrayList.java:1511)
... Removed 27 stack frames]]>
    </failure>
  </testcase> <!-- verifyContactToHelpCenterButton -->
  <testcase classname="tempTestPack.VerifyRoomsPage" name="verifyGoBackToMessengerButton" time="1.747">
    <failure type="java.lang.AssertionError" message="The following asserts failed:
	expected [https://www.messenger./] but found [https://www.messenger.com/],
	Messemger Title is not verified expected [Messeng] but found [Messenger]">
      <![CDATA[java.lang.AssertionError: The following asserts failed:
expected [https://www.messenger./] but found [https://www.messenger.com/],
Messemger Title is not verified expected [Messeng] but found [Messenger]
at tempTestPack.VerifyRoomsPage.verifyGoBackToMessengerButton(VerifyRoomsPage.java:90)
at java.base/java.util.ArrayList.forEach(ArrayList.java:1511)
... Removed 27 stack frames]]>
    </failure>
  </testcase> <!-- verifyGoBackToMessengerButton -->
  <testcase classname="tempTestPack.VarifyTestClass2" name="verifyContactToHelpCenterButton" time="1.416">
    <failure type="java.lang.AssertionError" message="The following asserts failed:
	expected [https://www.messenger.cop] but found [https://www.messenger.com/help],
	expected [Messenger Help ntre] but found [Messenger Help Centre]">
      <![CDATA[java.lang.AssertionError: The following asserts failed:
expected [https://www.messenger.cop] but found [https://www.messenger.com/help],
expected [Messenger Help ntre] but found [Messenger Help Centre]
at tempTestPack.VarifyTestClass2.verifyContactToHelpCenterButton(VarifyTestClass2.java:104)
at java.base/java.util.ArrayList.forEach(ArrayList.java:1511)
... Removed 27 stack frames]]>
    </failure>
  </testcase> <!-- verifyContactToHelpCenterButton -->
  <testcase classname="tempTestPack.VarifyTestClass2" name="verifyGoBackToMessengerButton" time="1.707">
    <failure type="java.lang.AssertionError" message="The following asserts failed:
	expected [https://www.messenger./] but found [https://www.messenger.com/],
	Messemger Title is not verified expected [Messeng] but found [Messenger]">
      <![CDATA[java.lang.AssertionError: The following asserts failed:
expected [https://www.messenger./] but found [https://www.messenger.com/],
Messemger Title is not verified expected [Messeng] but found [Messenger]
at tempTestPack.VarifyTestClass2.verifyGoBackToMessengerButton(VarifyTestClass2.java:89)
at java.base/java.util.ArrayList.forEach(ArrayList.java:1511)
... Removed 27 stack frames]]>
    </failure>
  </testcase> <!-- verifyGoBackToMessengerButton -->
</testsuite> <!-- ChromeBrowser -->
