<?xml version="1.0" encoding="UTF-8"?>
<!-- Generated by org.testng.reporters.JUnitXMLReporter -->
<testsuite ignored="0" hostname="DESKTOP-SEKDPB4" failures="4" tests="4" name="FirefoxTest" time="49.255" errors="0" timestamp="2022-09-14T20:08:00 IST">
  <testcase classname="tempTestPack.VerifyRoomsPage" name="verifyContactToHelpCenterButton" time="1.568">
    <failure type="java.lang.AssertionError" message="The following asserts failed:
	expected [https://www.messenger.cop] but found [https://www.messenger.com/help],
	expected [Messenger Help ntre] but found [Messenger Help Centre]">
      <![CDATA[java.lang.AssertionError: The following asserts failed:
expected [https://www.messenger.cop] but found [https://www.messenger.com/help],
expected [Messenger Help ntre] but found [Messenger Help Centre]
at tempTestPack.VerifyRoomsPage.verifyContactToHelpCenterButton(VerifyRoomsPage.java:101)
at java.base/java.util.concurrent.ThreadPoolExecutor.runWorker(ThreadPoolExecutor.java:1136)
at java.base/java.util.concurrent.ThreadPoolExecutor$Worker.run(ThreadPoolExecutor.java:635)
at java.base/java.lang.Thread.run(Thread.java:833)
... Removed 12 stack frames]]>
    </failure>
  </testcase> <!-- verifyContactToHelpCenterButton -->
  <testcase classname="tempTestPack.VarifyTestClass2" name="verifyContactToHelpCenterButton" time="5.232">
    <failure type="java.lang.AssertionError" message="The following asserts failed:
	expected [https://www.messenger.cop] but found [https://www.messenger.com/help],
	expected [Messenger Help ntre] but found [Messenger Help Centre]">
      <![CDATA[java.lang.AssertionError: The following asserts failed:
expected [https://www.messenger.cop] but found [https://www.messenger.com/help],
expected [Messenger Help ntre] but found [Messenger Help Centre]
at tempTestPack.VarifyTestClass2.verifyContactToHelpCenterButton(VarifyTestClass2.java:102)
at java.base/java.util.concurrent.ThreadPoolExecutor.runWorker(ThreadPoolExecutor.java:1136)
at java.base/java.util.concurrent.ThreadPoolExecutor$Worker.run(ThreadPoolExecutor.java:635)
at java.base/java.lang.Thread.run(Thread.java:833)
... Removed 12 stack frames]]>
    </failure>
  </testcase> <!-- verifyContactToHelpCenterButton -->
  <testcase classname="tempTestPack.VerifyRoomsPage" name="verifyGoBackToMessengerButton" time="2.26">
    <failure type="java.lang.AssertionError" message="The following asserts failed:
	expected [https://www.messenger./] but found [https://www.messenger.com/],
	Messemger Title is not verified expected [Messeng] but found [Messenger]">
      <![CDATA[java.lang.AssertionError: The following asserts failed:
expected [https://www.messenger./] but found [https://www.messenger.com/],
Messemger Title is not verified expected [Messeng] but found [Messenger]
at tempTestPack.VerifyRoomsPage.verifyGoBackToMessengerButton(VerifyRoomsPage.java:86)
at java.base/java.util.concurrent.ThreadPoolExecutor.runWorker(ThreadPoolExecutor.java:1136)
at java.base/java.util.concurrent.ThreadPoolExecutor$Worker.run(ThreadPoolExecutor.java:635)
at java.base/java.lang.Thread.run(Thread.java:833)
... Removed 12 stack frames]]>
    </failure>
  </testcase> <!-- verifyGoBackToMessengerButton -->
  <testcase classname="tempTestPack.VarifyTestClass2" name="verifyGoBackToMessengerButton" time="2.74">
    <failure type="java.lang.AssertionError" message="The following asserts failed:
	expected [https://www.messenger./] but found [https://www.messenger.com/],
	Messemger Title is not verified expected [Messeng] but found [Messenger]">
      <![CDATA[java.lang.AssertionError: The following asserts failed:
expected [https://www.messenger./] but found [https://www.messenger.com/],
Messemger Title is not verified expected [Messeng] but found [Messenger]
at tempTestPack.VarifyTestClass2.verifyGoBackToMessengerButton(VarifyTestClass2.java:87)
at java.base/java.util.concurrent.ThreadPoolExecutor.runWorker(ThreadPoolExecutor.java:1136)
at java.base/java.util.concurrent.ThreadPoolExecutor$Worker.run(ThreadPoolExecutor.java:635)
at java.base/java.lang.Thread.run(Thread.java:833)
... Removed 12 stack frames]]>
    </failure>
  </testcase> <!-- verifyGoBackToMessengerButton -->
</testsuite> <!-- FirefoxTest -->
